[9124:144:2022-8-28 10:56:31.945] Main Start
[9124:144:2022-8-28 10:56:31.945] Command line:"C:\Users\brkat\Downloads\Zoom_cm_ds_mtU2-U5ZOqqc9tBWsucbY14AHzNexaKe993Md@uXimsbaPCy62AgAD_k9a690e1ce0d60286_.exe"  Instance:0x2F0000 Show State:1
[9124:144:2022-8-28 10:56:31.974] C:\
[9124:1104:2022-8-28 10:56:31.974] [process_requst] start, url:https://zoom.us/conf/launch
[9124:1104:2022-8-28 10:56:44.962] [req_state_read_status_code] zHttpQueryInfo complete, status:200
[9124:1104:2022-8-28 10:56:44.962] [req_state_read_status_code] zHttpQueryInfo complete, status:200 Error: 0
[9124:1104:2022-8-28 10:56:47.162] [log_response_content] Content length (1048576 as unknown):2174 , Total read: 2174 , Error No: 0 , Status code: 200
[9124:1104:2022-8-28 10:56:47.162] [log_response_content] header:
[9124:1104:2022-8-28 10:56:47.162] HTTP/1.1 200 
Date: Sun, 28 Aug 2022 07:56:42 GMT
Content-Type: text/plain;charset=utf-8
Content-Length: 2174
Connection: keep-alive
x-zm-trackingid: v=2.0;clid=us05;rid=WEB_0af3adcad235cd528f13288d150d846c
X-Content-Type-Options: nosniff
Content-Security-Policy: upgrade-insecure-requests; default-src https://*.zoom.us https://zoom.us blob: 'self'; img-src https: about: blob: data: 'self'; style-src https: safari-extension: chrome-extension: 'unsafe-inline' data: 'self'; font-src https: safari-extension: chrome-extension: blob: data: 'self'; connect-src * about: blob: data: 'self'; media-src * rtmp: blob: data: 'self'; frame-src https: ms-appx-web: zoommtg: zoomus: wvjbscheme: data: 'self'; object-src 'none'; base-uri 'none';
X-FRAME-OPTIONS: SAMEORIGIN
Set-Cookie: zm_aid=""; Domain=.zoom.us; Expires=Thu, 01-Jan-1970 00:00:10 GMT; Path=/; Secure; HttpOnly
Set-Cookie: zm_haid=""; Domain=.zoom.us; Expires=Thu, 01-Jan-1970 00:00:10 GMT; Path=/; Secure; HttpOnly
Set-Cookie: zm_tmaid=""; Domain=.zoom.us; Expires=Thu, 01-Jan-1970 00:00:10 GMT; Path=/; Secure; HttpOnly
Set-Cookie: zm_htmaid=""; Domain=.zoom.us; Expires=Thu, 01-Jan-1970 00:00:10 GMT; Path=/; Secure; HttpOnly
Set-Cookie: cred=E2D01B3C50068B59BAB984D590AD530E; Path=/; Secure; HttpOnly
Set-Cookie: _zm_page_auth=us05_c_YBFkG9GHSLO7Q9IK8QVRbQ; Domain=.zoom.us; Path=/; Secure; HttpOnly
p3p: CP="NOI ADM DEV PSAi COM NAV OUR OTR STP IND DEM"
Set-Cookie: _zm_ssid=us05_c_m2zSBTjCSqSTeB7ujEE-TQ; Domain=.zoom.us; Path=/; Secure; HttpOnly
Set-Cookie: _zm_ctaid=27Gksv4_Rb2p1W1z4LhDpQ.1661673402169.8ef43bb27f05c623a28476f94fb24148; Domain=.zoom.us; Expires=Sun, 28-Aug-2022 09:56:42 GMT; Path=/; Secure; HttpOnly
Set-Cookie: _zm_chtaid=679; Domain=.zoom.us; Expires=Sun, 28-Aug-2022 09:56:42 GMT; Path=/; Secure; HttpOnly
x-zm-zoneid: VA2
Strict-Transport-Security: max-age=31536000; includeSubDomains
X-XSS-Protection: 1; mode=block
Referrer-Policy: strict-origin-when-cross-origin
Set-Cookie: TS01f92dc5=01e2d6a4a1b461a37edc1c3f8496af1361c300c2f51c54ffc8c44af86527200b41649f2801349b5dda15fe8b7cb94b02bfd77f49d3; Path=/; Secure; HttpOnly; SameSite=Strict;
Set-Cookie: TS018dd1ba=01e2d6a4a1b461a37edc1c3f8496af1361c300c2f51c54ffc8c44af86527200b41649f2801349b5dda15fe8b7cb94b02bfd77f49d3; path=/; domain=.zoom.us


[9124:1104:2022-8-28 10:56:47.163] [process_requst] End for url:https://zoom.us/conf/launch, return code:200, Error:0, Response content size:2174
[9124:144:2022-8-28 10:56:47.219] [client_has_installed_app] found path:
[9124:144:2022-8-28 10:56:47.219]  ***NULL-POINTER-PLACEHOLDER***
[9124:144:2022-8-28 10:56:47.220] [param_query_local_path] path is: C:\Users\brkat\AppData\Roaming\Zoom\ZoomDownload\ dir create response : 0 system error: 183
[9124:144:2022-8-28 10:56:47.220] [downloader_run] State:0
[9124:3748:2022-8-28 10:56:47.223] [process_requst] start, url:https://zoom.us/client/latest/Installer.exe?archType=x64
[9124:144:2022-8-28 10:56:47.224] [client_has_installed_app] found path:
[9124:144:2022-8-28 10:56:47.224]  ***NULL-POINTER-PLACEHOLDER***
[9124:3748:2022-8-28 10:57:1.432] [req_state_read_status_code] zHttpQueryInfo complete, status:200
[9124:3748:2022-8-28 10:57:1.432] [req_state_read_status_code] zHttpQueryInfo complete, status:200 Error: 0
[9124:3748:2022-8-28 10:57:10.720] [read_response_file] Status Code:200, content length: 937904, total read: 937904, error code: 0
[9124:3748:2022-8-28 10:57:10.722] [process_requst] End for url:https://zoom.us/client/latest/Installer.exe?archType=x64, return code:200, Error:0, Response content size:0
[9124:144:2022-8-28 10:57:10.757] [handle_download_job_done] Index: 1 Curr index: 1 StatusCode: 200 Error: 0 Response is Empty. 
[9124:3748:2022-8-28 10:57:10.885] [process_requst] start, url:https://zoom.us/client/latest/Zoom.msi?archType=x64
[9124:3748:2022-8-28 10:57:11.866] [req_state_read_status_code] zHttpQueryInfo complete, status:200
[9124:3748:2022-8-28 10:57:11.866] [req_state_read_status_code] zHttpQueryInfo complete, status:200 Error: 0
[9124:3748:2022-8-28 10:57:45.656] [read_response_file] Status Code:200, content length: 26049631, total read: 2342912, error code: 1007
[9124:3748:2022-8-28 10:57:45.671] [process_requst] End for url:https://zoom.us/client/latest/Zoom.msi?archType=x64, return code:200, Error:1007, Response content size:0
[9124:144:2022-8-28 10:57:45.702] [handle_download_job_done] Index: 2 Curr index: 2 StatusCode: 200 Error: 1007 Response is Empty. 
[9124:144:2022-8-28 10:58:24.102] [downloader_retry] State:15
[9124:3748:2022-8-28 10:58:24.102] [process_requst] start, url:https://zoom.us/client/latest/Zoom.msi?archType=x64
[9124:3748:2022-8-28 10:58:37.55] [req_state_read_status_code] zHttpQueryInfo complete, status:200
[9124:3748:2022-8-28 10:58:37.55] [req_state_read_status_code] zHttpQueryInfo complete, status:200 Error: 0
[9124:3748:2022-8-28 10:59:28.583] [read_response_file] Status Code:200, content length: 26049631, total read: 4112384, error code: 1007
[9124:3748:2022-8-28 10:59:28.583] [process_requst] End for url:https://zoom.us/client/latest/Zoom.msi?archType=x64, return code:200, Error:1007, Response content size:0
[9124:144:2022-8-28 10:59:28.598] [handle_download_job_done] Index: 2 Curr index: 2 StatusCode: 200 Error: 1007 Response is Empty. 
[9124:144:2022-8-28 10:59:30.486] [downloader_retry] State:15
[9124:3748:2022-8-28 10:59:30.486] [process_requst] start, url:https://zoom.us/client/latest/Zoom.msi?archType=x64
[9124:3748:2022-8-28 10:59:50.216] [req_state_read_status_code] zHttpQueryInfo complete, status:200
[9124:3748:2022-8-28 10:59:50.216] [req_state_read_status_code] zHttpQueryInfo complete, status:200 Error: 0
[9124:3748:2022-8-28 11:0:0.949] [read_response_file] Status Code:200, content length: 26049631, total read: 65536, error code: 1007
[9124:3748:2022-8-28 11:0:0.949] [process_requst] End for url:https://zoom.us/client/latest/Zoom.msi?archType=x64, return code:200, Error:1007, Response content size:0
[9124:144:2022-8-28 11:0:0.980] [handle_download_job_done] Index: 2 Curr index: 2 StatusCode: 200 Error: 1007 Response is Empty. 
[9124:144:2022-8-28 11:0:41.292] [downloader_retry] State:15
[9124:3748:2022-8-28 11:0:41.292] [process_requst] start, url:https://zoom.us/client/latest/Zoom.msi?archType=x64
[9124:3748:2022-8-28 11:1:1.625] [req_state_read_status_code] zHttpQueryInfo complete, status:200
[9124:3748:2022-8-28 11:1:1.625] [req_state_read_status_code] zHttpQueryInfo complete, status:200 Error: 0
[9124:3748:2022-8-28 11:1:11.679] [read_response_file] Status Code:200, content length: 26049631, total read: 0, error code: 1007
[9124:3748:2022-8-28 11:1:11.680] [process_requst] End for url:https://zoom.us/client/latest/Zoom.msi?archType=x64, return code:200, Error:1007, Response content size:0
[9124:144:2022-8-28 11:1:11.685] [handle_download_job_done] Index: 2 Curr index: 2 StatusCode: 200 Error: 1007 Response is Empty. 
[9124:144:2022-8-28 11:2:33.800] [downloader_retry] State:15
[9124:3748:2022-8-28 11:2:33.800] [process_requst] start, url:https://zoom.us/client/latest/Zoom.msi?archType=x64
[9124:3748:2022-8-28 11:3:1.591] [req_state_read_status_code] zHttpQueryInfo complete, status:200
[9124:3748:2022-8-28 11:3:1.592] [req_state_read_status_code] zHttpQueryInfo complete, status:200 Error: 0
[9124:3748:2022-8-28 11:3:12.971] [read_response_file] Status Code:200, content length: 26049631, total read: 180224, error code: 1007
[9124:3748:2022-8-28 11:3:12.974] [process_requst] End for url:https://zoom.us/client/latest/Zoom.msi?archType=x64, return code:200, Error:1007, Response content size:0
[9124:144:2022-8-28 11:3:13.1] [handle_download_job_done] Index: 2 Curr index: 2 StatusCode: 200 Error: 1007 Response is Empty. 
[9124:144:2022-8-28 11:10:43.158] [downloader_cancel] State:15
[9124:144:2022-8-28 11:10:43.169] Main End
